c:\users\moon\documents\visual studio 2015\projects\randommazeescape\randommazeescape\debug\randommazeescape.pch
c:\users\moon\documents\visual studio 2015\projects\randommazeescape\randommazeescape\debug\vc140.pdb
c:\users\moon\documents\visual studio 2015\projects\randommazeescape\randommazeescape\debug\vc140.idb
c:\users\moon\documents\visual studio 2015\projects\randommazeescape\randommazeescape\debug\stdafx.obj
c:\users\moon\documents\visual studio 2015\projects\randommazeescape\randommazeescape\debug\glinterface.obj
c:\users\moon\documents\visual studio 2015\projects\randommazeescape\randommazeescape\debug\mainfrm.obj
c:\users\moon\documents\visual studio 2015\projects\randommazeescape\randommazeescape\debug\mazemodel.obj
c:\users\moon\documents\visual studio 2015\projects\randommazeescape\randommazeescape\debug\randommazeescape.obj
c:\users\moon\documents\visual studio 2015\projects\randommazeescape\randommazeescape\debug\randommazeescapedoc.obj
c:\users\moon\documents\visual studio 2015\projects\randommazeescape\randommazeescape\debug\randommazeescapeview.obj
c:\users\moon\documents\visual studio 2015\projects\randommazeescape\randommazeescape\debug\usermodel.obj
c:\users\moon\documents\visual studio 2015\projects\randommazeescape\debug\randommazeescape.ilk
c:\users\moon\documents\visual studio 2015\projects\randommazeescape\debug\randommazeescape.exe
c:\users\moon\documents\visual studio 2015\projects\randommazeescape\debug\randommazeescape.pdb
c:\users\moon\documents\visual studio 2015\projects\randommazeescape\randommazeescape\debug\randommazeescape.res
c:\users\moon\documents\visual studio 2015\projects\randommazeescape\randommazeescape\debug\randommazeescape.tlog\cl.command.1.tlog
c:\users\moon\documents\visual studio 2015\projects\randommazeescape\randommazeescape\debug\randommazeescape.tlog\cl.read.1.tlog
c:\users\moon\documents\visual studio 2015\projects\randommazeescape\randommazeescape\debug\randommazeescape.tlog\cl.write.1.tlog
c:\users\moon\documents\visual studio 2015\projects\randommazeescape\randommazeescape\debug\randommazeescape.tlog\link.command.1.tlog
c:\users\moon\documents\visual studio 2015\projects\randommazeescape\randommazeescape\debug\randommazeescape.tlog\link.read.1.tlog
c:\users\moon\documents\visual studio 2015\projects\randommazeescape\randommazeescape\debug\randommazeescape.tlog\link.write.1.tlog
c:\users\moon\documents\visual studio 2015\projects\randommazeescape\randommazeescape\debug\randommazeescape.tlog\rc.command.1.tlog
c:\users\moon\documents\visual studio 2015\projects\randommazeescape\randommazeescape\debug\randommazeescape.tlog\rc.read.1.tlog
c:\users\moon\documents\visual studio 2015\projects\randommazeescape\randommazeescape\debug\randommazeescape.tlog\rc.write.1.tlog
